{"level":"info","message":"当前历史数据条数:","timestamp":"2025-04-07T06:49:00.008Z"}
{"level":"warn","message":"历史数据不足，跳过本次循环","timestamp":"2025-04-07T06:49:00.011Z"}
{"level":"info","message":"当前历史数据条数:","timestamp":"2025-04-07T06:50:00.006Z"}
{"availableBalance":"14634.23071814","level":"info","message":"账户信息:","timestamp":"2025-04-07T06:50:00.271Z","totalMarginBalance":"14634.23071814"}
{"level":"info","localDecision":{"action":"hold","size":0,"stopLoss":0,"takeProfit":0},"message":"策略决策","timestamp":"2025-04-07T06:50:00.277Z"}
{"level":"info","message":"条件未满足，保持现状","timestamp":"2025-04-07T06:50:00.278Z"}
{"level":"info","message":"当前历史数据条数:","timestamp":"2025-04-07T06:51:00.005Z"}
{"availableBalance":"14634.23071814","level":"info","message":"账户信息:","timestamp":"2025-04-07T06:51:00.133Z","totalMarginBalance":"14634.23071814"}
{"level":"info","localDecision":{"action":"hold","size":0,"stopLoss":0,"takeProfit":0},"message":"策略决策","timestamp":"2025-04-07T06:51:00.159Z"}
{"level":"info","message":"条件未满足，保持现状","timestamp":"2025-04-07T06:51:00.160Z"}
{"level":"info","message":"当前历史数据条数:","timestamp":"2025-04-07T06:52:00.016Z"}
{"availableBalance":"14634.23071814","level":"info","message":"账户信息:","timestamp":"2025-04-07T06:52:00.146Z","totalMarginBalance":"14634.23071814"}
{"level":"info","localDecision":{"action":"hold","size":0,"stopLoss":0,"takeProfit":0},"message":"策略决策","timestamp":"2025-04-07T06:52:00.174Z"}
{"level":"info","message":"条件未满足，保持现状","timestamp":"2025-04-07T06:52:00.175Z"}
{"level":"info","message":"当前历史数据条数:","timestamp":"2025-04-07T06:53:00.007Z"}
{"availableBalance":"14634.23071814","level":"info","message":"账户信息:","timestamp":"2025-04-07T06:53:00.280Z","totalMarginBalance":"14634.23071814"}
{"level":"info","localDecision":{"action":"hold","size":0,"stopLoss":0,"takeProfit":0},"message":"策略决策","timestamp":"2025-04-07T06:53:00.288Z"}
{"level":"info","message":"条件未满足，保持现状","timestamp":"2025-04-07T06:53:00.288Z"}
{"level":"info","message":"当前历史数据条数:","timestamp":"2025-04-07T06:54:00.012Z"}
{"availableBalance":"14634.23071814","level":"info","message":"账户信息:","timestamp":"2025-04-07T06:54:00.137Z","totalMarginBalance":"14634.23071814"}
{"level":"info","localDecision":{"action":"hold","size":0,"stopLoss":0,"takeProfit":0},"message":"策略决策","timestamp":"2025-04-07T06:54:00.168Z"}
{"level":"info","message":"条件未满足，保持现状","timestamp":"2025-04-07T06:54:00.169Z"}
{"level":"info","message":"当前历史数据条数:","timestamp":"2025-04-07T06:55:00.009Z"}
{"availableBalance":"14634.23071814","level":"info","message":"账户信息:","timestamp":"2025-04-07T06:55:00.132Z","totalMarginBalance":"14634.23071814"}
{"level":"info","localDecision":{"action":"short","size":0.01962145523919724,"stopLoss":75401.89793204512,"takeProfit":73354.15310193232},"message":"策略决策","timestamp":"2025-04-07T06:55:00.142Z"}
{"level":"info","message":"提交订单参数:","quantity":0.02,"side":"SELL","symbol":"BTCUSDT","timestamp":"2025-04-07T06:55:00.935Z","type":"MARKET"}
{"level":"info","message":"下单成功","side":"SELL","size":0.01962145523919724,"stopLoss":75401.89793204512,"symbol":"BTCUSDT","takeProfit":73354.15310193232,"timestamp":"2025-04-07T06:55:01.208Z"}
{"level":"info","message":"当前历史数据条数:","timestamp":"2025-04-07T06:56:00.019Z"}
{"availableBalance":"14557.18503056","level":"info","message":"账户信息:","timestamp":"2025-04-07T06:56:00.146Z","totalMarginBalance":"14631.84898722"}
{"level":"info","localDecision":{"action":"hold","size":0,"stopLoss":0,"takeProfit":0},"message":"策略决策","timestamp":"2025-04-07T06:56:00.151Z"}
{"level":"info","message":"已有仓位，跳过开仓","positions":1,"timestamp":"2025-04-07T06:56:00.151Z"}
{"level":"info","message":"当前历史数据条数:","timestamp":"2025-04-07T06:57:00.009Z"}
{"availableBalance":"14552.60402056","level":"info","message":"账户信息:","timestamp":"2025-04-07T06:57:00.135Z","totalMarginBalance":"14627.48612055"}
{"level":"info","localDecision":{"action":"hold","size":0,"stopLoss":0,"takeProfit":0},"message":"策略决策","timestamp":"2025-04-07T06:57:00.141Z"}
{"level":"info","message":"已有仓位，跳过开仓","positions":1,"timestamp":"2025-04-07T06:57:00.142Z"}
{"level":"info","message":"当前历史数据条数:","timestamp":"2025-04-07T06:58:00.007Z"}
{"availableBalance":"14549.69625416","level":"info","message":"账户信息:","timestamp":"2025-04-07T06:58:00.135Z","totalMarginBalance":"14624.71681922"}
{"level":"info","localDecision":{"action":"hold","size":0,"stopLoss":0,"takeProfit":0},"message":"策略决策","timestamp":"2025-04-07T06:58:00.140Z"}
{"level":"info","message":"已有仓位，跳过开仓","positions":1,"timestamp":"2025-04-07T06:58:00.141Z"}
{"level":"info","message":"当前历史数据条数:","timestamp":"2025-04-07T06:59:00.017Z"}
{"availableBalance":"14551.73214222","level":"info","message":"账户信息:","timestamp":"2025-04-07T06:59:00.274Z","totalMarginBalance":"14626.76855394"}
{"level":"info","localDecision":{"action":"short","size":0.019522166563593197,"stopLoss":75057.26561258019,"takeProfit":74723.8515811297},"message":"策略决策","timestamp":"2025-04-07T06:59:00.300Z"}
{"level":"info","message":"已有仓位，跳过开仓","positions":1,"timestamp":"2025-04-07T06:59:00.301Z"}
{"level":"info","message":"当前历史数据条数:","timestamp":"2025-04-07T07:00:00.007Z"}
{"availableBalance":"14553.10605259","level":"info","message":"账户信息:","timestamp":"2025-04-07T07:00:00.136Z","totalMarginBalance":"14628.68676119"}
{"level":"info","localDecision":{"action":"hold","size":0,"stopLoss":0,"takeProfit":0},"message":"策略决策","timestamp":"2025-04-07T07:00:00.150Z"}
{"level":"info","message":"已有仓位，跳过开仓","positions":1,"timestamp":"2025-04-07T07:00:00.150Z"}
{"level":"info","message":"当前历史数据条数:","timestamp":"2025-04-07T07:01:00.042Z"}
{"availableBalance":"14552.65417789","level":"info","message":"账户信息:","timestamp":"2025-04-07T07:01:00.216Z","totalMarginBalance":"14627.53388944"}
{"level":"info","localDecision":{"action":"long","size":0.019539148186533482,"stopLoss":74822.70000000564,"takeProfit":74922.69999999153},"message":"策略决策","timestamp":"2025-04-07T07:01:00.222Z"}
{"level":"info","message":"已有仓位，跳过开仓","positions":1,"timestamp":"2025-04-07T07:01:00.223Z"}
{"level":"info","message":"当前历史数据条数:","timestamp":"2025-04-07T07:02:00.012Z"}
{"availableBalance":"14555.01342354","level":"info","message":"账户信息:","timestamp":"2025-04-07T07:02:00.261Z","totalMarginBalance":"14629.79418030"}
{"level":"info","localDecision":{"action":"hold","size":0,"stopLoss":0,"takeProfit":0},"message":"策略决策","timestamp":"2025-04-07T07:02:00.269Z"}
{"level":"info","message":"已有仓位，跳过开仓","positions":1,"timestamp":"2025-04-07T07:02:00.269Z"}
{"level":"info","message":"当前历史数据条数:","timestamp":"2025-04-07T07:03:00.005Z"}
{"availableBalance":"14555.08818755","level":"info","message":"账户信息:","timestamp":"2025-04-07T07:03:00.227Z","totalMarginBalance":"14630.52946055"}
{"level":"info","localDecision":{"action":"short","size":0.019568556968855958,"stopLoss":74806.29999999999,"takeProfit":74704.30000000002},"message":"策略决策","timestamp":"2025-04-07T07:03:00.234Z"}
{"level":"info","message":"已有仓位，跳过开仓","positions":1,"timestamp":"2025-04-07T07:03:00.234Z"}
{"level":"info","message":"当前历史数据条数:","timestamp":"2025-04-07T07:04:00.012Z"}
{"availableBalance":"14556.41535301","level":"info","message":"账户信息:","timestamp":"2025-04-07T07:04:00.260Z","totalMarginBalance":"14631.11596098"}
{"level":"info","localDecision":{"action":"short","size":0.01960889202929182,"stopLoss":74945.83419487096,"takeProfit":74117.99870769355},"message":"策略决策","timestamp":"2025-04-07T07:04:00.280Z"}
{"level":"info","message":"已有仓位，跳过开仓","positions":1,"timestamp":"2025-04-07T07:04:00.281Z"}
{"level":"info","message":"当前历史数据条数:","timestamp":"2025-04-07T07:05:00.005Z"}
{"availableBalance":"14559.03677415","level":"info","message":"账户信息:","timestamp":"2025-04-07T07:05:00.133Z","totalMarginBalance":"14633.61255255"}
{"level":"info","localDecision":{"action":"hold","size":0,"stopLoss":0,"takeProfit":0},"message":"策略决策","timestamp":"2025-04-07T07:05:00.141Z"}
{"level":"info","message":"已有仓位，跳过开仓","positions":1,"timestamp":"2025-04-07T07:05:00.141Z"}
{"level":"info","message":"当前历史数据条数:","timestamp":"2025-04-07T07:06:00.015Z"}
{"availableBalance":"14555.87963976","level":"info","message":"账户信息:","timestamp":"2025-04-07T07:06:00.153Z","totalMarginBalance":"14630.60575789"}
{"level":"info","localDecision":{"action":"short","size":0.019586499339856542,"stopLoss":75140.39999999954,"takeProfit":74032.90000000066},"message":"策略决策","timestamp":"2025-04-07T07:06:00.166Z"}
{"level":"info","message":"已有仓位，跳过开仓","positions":1,"timestamp":"2025-04-07T07:06:00.167Z"}
{"level":"info","message":"当前历史数据条数:","timestamp":"2025-04-07T07:07:00.009Z"}
{"availableBalance":"14552.84025843","level":"info","message":"账户信息:","timestamp":"2025-04-07T07:07:00.176Z","totalMarginBalance":"14627.71110900"}
{"level":"info","localDecision":{"action":"short","size":0.019543692410569944,"stopLoss":75143.73978430813,"takeProfit":74399.89032353781},"message":"策略决策","timestamp":"2025-04-07T07:07:00.182Z"}
{"level":"info","message":"已有仓位，跳过开仓","positions":1,"timestamp":"2025-04-07T07:07:00.182Z"}
{"level":"info","message":"当前历史数据条数:","timestamp":"2025-04-07T07:08:00.008Z"}
{"availableBalance":"14550.77072056","level":"info","message":"账户信息:","timestamp":"2025-04-07T07:08:00.164Z","totalMarginBalance":"14625.74012055"}
{"level":"info","localDecision":{"action":"long","size":0.019508946477562846,"stopLoss":74701.8000000019,"takeProfit":75370.79999999715},"message":"策略决策","timestamp":"2025-04-07T07:08:00.180Z"}
{"level":"info","message":"已有仓位，跳过开仓","positions":1,"timestamp":"2025-04-07T07:08:00.181Z"}
{"level":"info","message":"当前历史数据条数:","timestamp":"2025-04-07T07:09:00.009Z"}
{"availableBalance":"14551.82962829","level":"info","message":"账户信息:","timestamp":"2025-04-07T07:09:00.136Z","totalMarginBalance":"14626.74860411"}
{"level":"info","localDecision":{"action":"hold","size":0,"stopLoss":0,"takeProfit":0},"message":"策略决策","timestamp":"2025-04-07T07:09:00.153Z"}
{"level":"info","message":"已有仓位，跳过开仓","positions":1,"timestamp":"2025-04-07T07:09:00.154Z"}
{"level":"info","message":"当前历史数据条数:","timestamp":"2025-04-07T07:10:00.010Z"}
{"availableBalance":"14551.69242055","level":"info","message":"账户信息:","timestamp":"2025-04-07T07:10:00.135Z","totalMarginBalance":"14626.97412055"}
{"level":"info","localDecision":{"action":"hold","size":0,"stopLoss":0,"takeProfit":0},"message":"策略决策","timestamp":"2025-04-07T07:10:00.143Z"}
{"level":"info","message":"已有仓位，跳过开仓","positions":1,"timestamp":"2025-04-07T07:10:00.143Z"}
{"level":"info","message":"当前历史数据条数:","timestamp":"2025-04-07T07:11:00.016Z"}
{"availableBalance":"14550.21002055","level":"info","message":"账户信息:","timestamp":"2025-04-07T07:11:00.149Z","totalMarginBalance":"14625.20612055"}
{"level":"info","localDecision":{"action":"hold","size":0,"stopLoss":0,"takeProfit":0},"message":"策略决策","timestamp":"2025-04-07T07:11:00.163Z"}
{"level":"info","message":"已有仓位，跳过开仓","positions":1,"timestamp":"2025-04-07T07:11:00.163Z"}
{"level":"info","message":"当前历史数据条数:","timestamp":"2025-04-07T07:12:00.008Z"}
{"availableBalance":"14546.81987156","level":"info","message":"账户信息:","timestamp":"2025-04-07T07:12:00.136Z","totalMarginBalance":"14622.76314073"}
{"level":"info","localDecision":{"action":"short","size":0.01945564185595966,"stopLoss":75935.70000000001,"takeProfit":73995.19999999998},"message":"策略决策","timestamp":"2025-04-07T07:12:00.155Z"}
{"level":"info","message":"已有仓位，跳过开仓","positions":1,"timestamp":"2025-04-07T07:12:00.157Z"}
{"level":"info","message":"当前历史数据条数:","timestamp":"2025-04-07T07:13:00.005Z"}
{"availableBalance":"14547.07869942","level":"info","message":"账户信息:","timestamp":"2025-04-07T07:13:00.153Z","totalMarginBalance":"14623.17969779"}
{"level":"info","localDecision":{"action":"hold","size":0,"stopLoss":0,"takeProfit":0},"message":"策略决策","timestamp":"2025-04-07T07:13:00.159Z"}
{"level":"info","message":"已有仓位，跳过开仓","positions":1,"timestamp":"2025-04-07T07:13:00.159Z"}
{"level":"info","message":"当前历史数据条数:","timestamp":"2025-04-07T07:14:00.006Z"}
{"availableBalance":"14547.80564749","level":"info","message":"账户信息:","timestamp":"2025-04-07T07:14:00.136Z","totalMarginBalance":"14622.91624144"}
{"level":"info","localDecision":{"action":"hold","size":0,"stopLoss":0,"takeProfit":0},"message":"策略决策","timestamp":"2025-04-07T07:14:00.149Z"}
{"level":"info","message":"已有仓位，跳过开仓","positions":1,"timestamp":"2025-04-07T07:14:00.150Z"}
{"level":"info","message":"当前历史数据条数:","timestamp":"2025-04-07T07:15:00.014Z"}
{"availableBalance":"14548.69956243","level":"info","message":"账户信息:","timestamp":"2025-04-07T07:15:00.145Z","totalMarginBalance":"14623.76758900"}
{"level":"info","localDecision":{"action":"hold","size":0,"stopLoss":0,"takeProfit":0},"message":"策略决策","timestamp":"2025-04-07T07:15:00.154Z"}
{"level":"info","message":"已有仓位，跳过开仓","positions":1,"timestamp":"2025-04-07T07:15:00.154Z"}
{"level":"info","message":"当前历史数据条数:","timestamp":"2025-04-07T07:16:00.010Z"}
{"availableBalance":"14546.99492056","level":"info","message":"账户信息:","timestamp":"2025-04-07T07:16:00.139Z","totalMarginBalance":"14622.14412055"}
{"level":"info","localDecision":{"action":"hold","size":0,"stopLoss":0,"takeProfit":0},"message":"策略决策","timestamp":"2025-04-07T07:16:00.146Z"}
{"level":"info","message":"已有仓位，跳过开仓","positions":1,"timestamp":"2025-04-07T07:16:00.147Z"}
{"level":"info","message":"当前历史数据条数:","timestamp":"2025-04-07T07:17:00.002Z"}
{"availableBalance":"14547.04851629","level":"info","message":"账户信息:","timestamp":"2025-04-07T07:17:00.131Z","totalMarginBalance":"14622.19516411"}
{"level":"info","localDecision":{"action":"hold","size":0,"stopLoss":0,"takeProfit":0},"message":"策略决策","timestamp":"2025-04-07T07:17:00.138Z"}
{"level":"info","message":"已有仓位，跳过开仓","positions":1,"timestamp":"2025-04-07T07:17:00.139Z"}
{"level":"info","message":"当前历史数据条数:","timestamp":"2025-04-07T07:18:00.007Z"}
{"availableBalance":"14548.02982075","level":"info","message":"账户信息:","timestamp":"2025-04-07T07:18:00.135Z","totalMarginBalance":"14623.16212436"}
{"level":"info","localDecision":{"action":"hold","size":0,"stopLoss":0,"takeProfit":0},"message":"策略决策","timestamp":"2025-04-07T07:18:00.151Z"}
{"level":"info","message":"已有仓位，跳过开仓","positions":1,"timestamp":"2025-04-07T07:18:00.151Z"}
{"level":"info","message":"当前历史数据条数:","timestamp":"2025-04-07T07:19:00.007Z"}
{"availableBalance":"14545.97097550","level":"info","message":"账户信息:","timestamp":"2025-04-07T07:19:00.142Z","totalMarginBalance":"14621.16893478"}
{"level":"info","localDecision":{"action":"hold","size":0,"stopLoss":0,"takeProfit":0},"message":"策略决策","timestamp":"2025-04-07T07:19:00.147Z"}
{"level":"info","message":"已有仓位，跳过开仓","positions":1,"timestamp":"2025-04-07T07:19:00.148Z"}
{"level":"info","message":"当前历史数据条数:","timestamp":"2025-04-07T07:20:00.009Z"}
{"availableBalance":"14545.10702056","level":"info","message":"账户信息:","timestamp":"2025-04-07T07:20:00.275Z","totalMarginBalance":"14620.34612055"}
{"level":"info","localDecision":{"action":"hold","size":0,"stopLoss":0,"takeProfit":0},"message":"策略决策","timestamp":"2025-04-07T07:20:00.283Z"}
{"level":"info","message":"已有仓位，跳过开仓","positions":1,"timestamp":"2025-04-07T07:20:00.284Z"}
{"level":"info","message":"当前历史数据条数:","timestamp":"2025-04-07T07:21:00.003Z"}
{"availableBalance":"14548.05790169","level":"info","message":"账户信息:","timestamp":"2025-04-07T07:21:00.133Z","totalMarginBalance":"14623.72374320"}
{"level":"info","localDecision":{"action":"hold","size":0,"stopLoss":0,"takeProfit":0},"message":"策略决策","timestamp":"2025-04-07T07:21:00.140Z"}
{"level":"info","message":"已有仓位，跳过开仓","positions":1,"timestamp":"2025-04-07T07:21:00.140Z"}
{"level":"info","message":"当前历史数据条数:","timestamp":"2025-04-07T07:22:00.015Z"}
{"availableBalance":"14547.90679843","level":"info","message":"账户信息:","timestamp":"2025-04-07T07:22:00.146Z","totalMarginBalance":"14623.01257567"}
{"level":"info","localDecision":{"action":"hold","size":0,"stopLoss":0,"takeProfit":0},"message":"策略决策","timestamp":"2025-04-07T07:22:00.159Z"}
{"level":"info","message":"已有仓位，跳过开仓","positions":1,"timestamp":"2025-04-07T07:22:00.160Z"}
{"level":"info","message":"当前历史数据条数:","timestamp":"2025-04-07T07:23:00.006Z"}
{"availableBalance":"14546.32952669","level":"info","message":"账户信息:","timestamp":"2025-04-07T07:23:00.135Z","totalMarginBalance":"14621.51041211"}
{"level":"info","localDecision":{"action":"hold","size":0,"stopLoss":0,"takeProfit":0},"message":"策略决策","timestamp":"2025-04-07T07:23:00.146Z"}
{"level":"info","message":"已有仓位，跳过开仓","positions":1,"timestamp":"2025-04-07T07:23:00.147Z"}
{"level":"info","message":"当前历史数据条数:","timestamp":"2025-04-07T07:24:00.011Z"}
{"availableBalance":"14548.01012056","level":"info","message":"账户信息:","timestamp":"2025-04-07T07:24:00.143Z","totalMarginBalance":"14623.12812055"}
{"level":"info","localDecision":{"action":"short","size":0.01947130876001486,"stopLoss":75327.29999960405,"takeProfit":74761.30000059392},"message":"策略决策","timestamp":"2025-04-07T07:24:00.167Z"}
{"level":"info","message":"已有仓位，跳过开仓","positions":1,"timestamp":"2025-04-07T07:24:00.168Z"}
{"level":"info","message":"当前历史数据条数:","timestamp":"2025-04-07T07:25:00.010Z"}
{"availableBalance":"14547.08877749","level":"info","message":"账户信息:","timestamp":"2025-04-07T07:25:00.158Z","totalMarginBalance":"14622.23350811"}
{"level":"info","localDecision":{"action":"hold","size":0,"stopLoss":0,"takeProfit":0},"message":"策略决策","timestamp":"2025-04-07T07:25:00.183Z"}
{"level":"info","message":"已有仓位，跳过开仓","positions":1,"timestamp":"2025-04-07T07:25:00.184Z"}
{"level":"info","message":"当前历史数据条数:","timestamp":"2025-04-07T07:26:00.002Z"}
{"availableBalance":"14548.00661399","level":"info","message":"账户信息:","timestamp":"2025-04-07T07:26:00.173Z","totalMarginBalance":"14624.01798922"}
{"level":"info","localDecision":{"action":"hold","size":0,"stopLoss":0,"takeProfit":0},"message":"策略决策","timestamp":"2025-04-07T07:26:00.187Z"}
{"level":"info","message":"已有仓位，跳过开仓","positions":1,"timestamp":"2025-04-07T07:26:00.188Z"}
{"level":"info","message":"当前历史数据条数:","timestamp":"2025-04-07T07:27:00.007Z"}
{"availableBalance":"14546.69215376","level":"info","message":"账户信息:","timestamp":"2025-04-07T07:27:00.144Z","totalMarginBalance":"14621.85577122"}
{"level":"info","localDecision":{"action":"short","size":0.01946241019905842,"stopLoss":75186.08782198657,"takeProfit":75042.61826702014},"message":"策略决策","timestamp":"2025-04-07T07:27:00.150Z"}
{"level":"info","message":"已有仓位，跳过开仓","positions":1,"timestamp":"2025-04-07T07:27:00.150Z"}
{"level":"info","message":"当前历史数据条数:","timestamp":"2025-04-07T07:28:00.005Z"}
{"availableBalance":"14548.02812056","level":"info","message":"账户信息:","timestamp":"2025-04-07T07:28:00.133Z","totalMarginBalance":"14623.12812055"}
{"level":"info","localDecision":{"action":"hold","size":0,"stopLoss":0,"takeProfit":0},"message":"策略决策","timestamp":"2025-04-07T07:28:00.139Z"}
{"level":"info","message":"已有仓位，跳过开仓","positions":1,"timestamp":"2025-04-07T07:28:00.139Z"}
{"level":"info","message":"当前历史数据条数:","timestamp":"2025-04-07T07:29:00.008Z"}
{"availableBalance":"14549.59619336","level":"info","message":"账户信息:","timestamp":"2025-04-07T07:29:00.139Z","totalMarginBalance":"14624.62152322"}
{"level":"info","localDecision":{"action":"hold","size":0,"stopLoss":0,"takeProfit":0},"message":"策略决策","timestamp":"2025-04-07T07:29:00.146Z"}
{"level":"info","message":"已有仓位，跳过开仓","positions":1,"timestamp":"2025-04-07T07:29:00.147Z"}
{"level":"info","message":"当前历史数据条数:","timestamp":"2025-04-07T07:30:00.007Z"}
{"availableBalance":"14549.48526855","level":"info","message":"账户信息:","timestamp":"2025-04-07T07:30:00.147Z","totalMarginBalance":"14624.51588055"}
{"level":"info","localDecision":{"action":"hold","size":0,"stopLoss":0,"takeProfit":0},"message":"策略决策","timestamp":"2025-04-07T07:30:00.161Z"}
{"level":"info","message":"已有仓位，跳过开仓","positions":1,"timestamp":"2025-04-07T07:30:00.161Z"}
{"level":"info","message":"当前历史数据条数:","timestamp":"2025-04-07T07:31:00.012Z"}
{"availableBalance":"14550.99542056","level":"info","message":"账户信息:","timestamp":"2025-04-07T07:31:00.280Z","totalMarginBalance":"14625.95412055"}
{"level":"info","localDecision":{"action":"hold","size":0,"stopLoss":0,"takeProfit":0},"message":"策略决策","timestamp":"2025-04-07T07:31:00.286Z"}
{"level":"info","message":"已有仓位，跳过开仓","positions":1,"timestamp":"2025-04-07T07:31:00.286Z"}
{"level":"info","message":"当前历史数据条数:","timestamp":"2025-04-07T07:32:00.013Z"}
{"availableBalance":"14551.40012696","level":"info","message":"账户信息:","timestamp":"2025-04-07T07:32:00.147Z","totalMarginBalance":"14626.33955522"}
{"level":"info","localDecision":{"action":"short","size":0.019520004744721743,"stopLoss":75072.4,"takeProfit":74716.40000000001},"message":"策略决策","timestamp":"2025-04-07T07:32:00.171Z"}
{"level":"info","message":"已有仓位，跳过开仓","positions":1,"timestamp":"2025-04-07T07:32:00.172Z"}
{"level":"info","message":"当前历史数据条数:","timestamp":"2025-04-07T07:33:00.013Z"}
{"availableBalance":"14551.67631989","level":"info","message":"账户信息:","timestamp":"2025-04-07T07:33:00.262Z","totalMarginBalance":"14626.60259611"}
{"level":"info","localDecision":{"action":"hold","size":0,"stopLoss":0,"takeProfit":0},"message":"策略决策","timestamp":"2025-04-07T07:33:00.279Z"}
{"level":"info","message":"已有仓位，跳过开仓","positions":1,"timestamp":"2025-04-07T07:33:00.279Z"}
{"level":"info","message":"当前历史数据条数:","timestamp":"2025-04-07T07:34:00.004Z"}
{"availableBalance":"14551.71152055","level":"info","message":"账户信息:","timestamp":"2025-04-07T07:34:00.245Z","totalMarginBalance":"14626.63612055"}
{"level":"info","localDecision":{"action":"hold","size":0,"stopLoss":0,"takeProfit":0},"message":"策略决策","timestamp":"2025-04-07T07:34:00.266Z"}
{"level":"info","message":"已有仓位，跳过开仓","positions":1,"timestamp":"2025-04-07T07:34:00.267Z"}
{"level":"info","message":"当前历史数据条数:","timestamp":"2025-04-07T07:35:00.008Z"}
{"availableBalance":"14552.40455602","level":"info","message":"账户信息:","timestamp":"2025-04-07T07:35:00.245Z","totalMarginBalance":"14627.29615433"}
{"level":"info","localDecision":{"action":"hold","size":0,"stopLoss":0,"takeProfit":0},"message":"策略决策","timestamp":"2025-04-07T07:35:00.251Z"}
{"level":"info","message":"已有仓位，跳过开仓","positions":1,"timestamp":"2025-04-07T07:35:00.251Z"}
{"level":"info","message":"当前历史数据条数:","timestamp":"2025-04-07T07:36:00.010Z"}
{"availableBalance":"14551.30622055","level":"info","message":"账户信息:","timestamp":"2025-04-07T07:36:00.259Z","totalMarginBalance":"14626.25012055"}
{"level":"info","localDecision":{"action":"hold","size":0,"stopLoss":0,"takeProfit":0},"message":"策略决策","timestamp":"2025-04-07T07:36:00.277Z"}
{"level":"info","message":"已有仓位，跳过开仓","positions":1,"timestamp":"2025-04-07T07:36:00.277Z"}
{"level":"info","message":"当前历史数据条数:","timestamp":"2025-04-07T07:37:00.008Z"}
{"availableBalance":"14550.96812056","level":"info","message":"账户信息:","timestamp":"2025-04-07T07:37:00.249Z","totalMarginBalance":"14625.92812055"}
{"level":"info","localDecision":{"action":"hold","size":0,"stopLoss":0,"takeProfit":0},"message":"策略决策","timestamp":"2025-04-07T07:37:00.254Z"}
{"level":"info","message":"已有仓位，跳过开仓","positions":1,"timestamp":"2025-04-07T07:37:00.254Z"}
{"level":"info","message":"当前历史数据条数:","timestamp":"2025-04-07T07:38:00.014Z"}
{"availableBalance":"14549.39557150","level":"info","message":"账户信息:","timestamp":"2025-04-07T07:38:00.139Z","totalMarginBalance":"14624.43045478"}
{"level":"info","localDecision":{"action":"hold","size":0,"stopLoss":0,"takeProfit":0},"message":"策略决策","timestamp":"2025-04-07T07:38:00.145Z"}
{"level":"info","message":"已有仓位，跳过开仓","positions":1,"timestamp":"2025-04-07T07:38:00.145Z"}
{"level":"info","message":"当前历史数据条数:","timestamp":"2025-04-07T07:39:00.007Z"}
{"availableBalance":"14547.20763003","level":"info","message":"账户信息:","timestamp":"2025-04-07T07:39:00.137Z","totalMarginBalance":"14622.34670100"}
{"level":"info","localDecision":{"action":"hold","size":0,"stopLoss":0,"takeProfit":0},"message":"策略决策","timestamp":"2025-04-07T07:39:00.160Z"}
{"level":"info","message":"已有仓位，跳过开仓","positions":1,"timestamp":"2025-04-07T07:39:00.160Z"}
{"level":"info","message":"当前历史数据条数:","timestamp":"2025-04-07T07:40:00.005Z"}
{"availableBalance":"14546.69871790","level":"info","message":"账户信息:","timestamp":"2025-04-07T07:40:00.136Z","totalMarginBalance":"14621.86202278"}
{"level":"info","localDecision":{"action":"hold","size":0,"stopLoss":0,"takeProfit":0},"message":"策略决策","timestamp":"2025-04-07T07:40:00.157Z"}
{"level":"info","message":"已有仓位，跳过开仓","positions":1,"timestamp":"2025-04-07T07:40:00.158Z"}
{"level":"info","message":"当前历史数据条数:","timestamp":"2025-04-07T07:41:00.004Z"}
{"availableBalance":"14545.10758243","level":"info","message":"账户信息:","timestamp":"2025-04-07T07:41:00.156Z","totalMarginBalance":"14620.34665567"}
{"level":"info","localDecision":{"action":"hold","size":0,"stopLoss":0,"takeProfit":0},"message":"策略决策","timestamp":"2025-04-07T07:41:00.162Z"}
{"level":"info","message":"已有仓位，跳过开仓","positions":1,"timestamp":"2025-04-07T07:41:00.162Z"}
{"level":"info","message":"当前历史数据条数:","timestamp":"2025-04-07T07:42:00.007Z"}
{"availableBalance":"14542.15760395","level":"info","message":"账户信息:","timestamp":"2025-04-07T07:42:00.191Z","totalMarginBalance":"14618.07778835"}
{"level":"info","localDecision":{"action":"long","size":0.01939228344096449,"stopLoss":71998.99999999999,"takeProfit":79890.1},"message":"策略决策","timestamp":"2025-04-07T07:42:00.214Z"}
{"level":"info","message":"已有仓位，跳过开仓","positions":1,"timestamp":"2025-04-07T07:42:00.214Z"}
{"level":"info","message":"当前历史数据条数:","timestamp":"2025-04-07T07:43:00.005Z"}
{"availableBalance":"14543.61622056","level":"info","message":"账户信息:","timestamp":"2025-04-07T07:43:00.132Z","totalMarginBalance":"14618.97012055"}
{"level":"info","localDecision":{"action":"hold","size":0,"stopLoss":0,"takeProfit":0},"message":"策略决策","timestamp":"2025-04-07T07:43:00.137Z"}
{"level":"info","message":"已有仓位，跳过开仓","positions":1,"timestamp":"2025-04-07T07:43:00.137Z"}
{"level":"info","message":"当前历史数据条数:","timestamp":"2025-04-07T07:44:00.012Z"}
{"availableBalance":"14544.26702055","level":"info","message":"账户信息:","timestamp":"2025-04-07T07:44:00.148Z","totalMarginBalance":"14619.54612055"}
{"level":"info","localDecision":{"action":"hold","size":0,"stopLoss":0,"takeProfit":0},"message":"策略决策","timestamp":"2025-04-07T07:44:00.157Z"}
{"level":"info","message":"已有仓位，跳过开仓","positions":1,"timestamp":"2025-04-07T07:44:00.157Z"}
{"level":"info","message":"当前历史数据条数:","timestamp":"2025-04-07T07:45:00.004Z"}
{"availableBalance":"14545.75284149","level":"info","message":"账户信息:","timestamp":"2025-04-07T07:45:00.129Z","totalMarginBalance":"14620.96118811"}
{"level":"info","localDecision":{"action":"hold","size":0,"stopLoss":0,"takeProfit":0},"message":"策略决策","timestamp":"2025-04-07T07:45:00.133Z"}
{"level":"info","message":"已有仓位，跳过开仓","positions":1,"timestamp":"2025-04-07T07:45:00.133Z"}
{"level":"info","message":"当前历史数据条数:","timestamp":"2025-04-07T07:46:00.005Z"}
{"availableBalance":"14547.77822055","level":"info","message":"账户信息:","timestamp":"2025-04-07T07:46:00.136Z","totalMarginBalance":"14622.89012055"}
{"level":"info","localDecision":{"action":"hold","size":0,"stopLoss":0,"takeProfit":0},"message":"策略决策","timestamp":"2025-04-07T07:46:00.151Z"}
{"level":"info","message":"已有仓位，跳过开仓","positions":1,"timestamp":"2025-04-07T07:46:00.151Z"}
{"level":"info","message":"当前历史数据条数:","timestamp":"2025-04-07T07:47:00.006Z"}
{"availableBalance":"14545.66346269","level":"info","message":"账户信息:","timestamp":"2025-04-07T07:47:00.177Z","totalMarginBalance":"14620.87606544"}
{"level":"info","localDecision":{"action":"hold","size":0,"stopLoss":0,"takeProfit":0},"message":"策略决策","timestamp":"2025-04-07T07:47:00.183Z"}
{"level":"info","message":"已有仓位，跳过开仓","positions":1,"timestamp":"2025-04-07T07:47:00.183Z"}
{"level":"info","message":"当前历史数据条数:","timestamp":"2025-04-07T07:48:00.003Z"}
{"availableBalance":"14543.19602055","level":"info","message":"账户信息:","timestamp":"2025-04-07T07:48:00.291Z","totalMarginBalance":"14618.52612055"}
{"level":"info","localDecision":{"action":"hold","size":0,"stopLoss":0,"takeProfit":0},"message":"策略决策","timestamp":"2025-04-07T07:48:00.300Z"}
{"level":"info","message":"已有仓位，跳过开仓","positions":1,"timestamp":"2025-04-07T07:48:00.300Z"}
{"level":"info","message":"当前历史数据条数:","timestamp":"2025-04-07T07:49:00.007Z"}
{"availableBalance":"14544.19982055","level":"info","message":"账户信息:","timestamp":"2025-04-07T07:49:00.137Z","totalMarginBalance":"14619.48212055"}
{"level":"info","localDecision":{"action":"hold","size":0,"stopLoss":0,"takeProfit":0},"message":"策略决策","timestamp":"2025-04-07T07:49:00.158Z"}
{"level":"info","message":"已有仓位，跳过开仓","positions":1,"timestamp":"2025-04-07T07:49:00.159Z"}
{"level":"info","message":"当前历史数据条数:","timestamp":"2025-04-07T07:50:00.008Z"}
{"availableBalance":"14545.36789843","level":"info","message":"账户信息:","timestamp":"2025-04-07T07:50:00.137Z","totalMarginBalance":"14620.59457567"}
{"level":"info","localDecision":{"action":"hold","size":0,"stopLoss":0,"takeProfit":0},"message":"策略决策","timestamp":"2025-04-07T07:50:00.147Z"}
{"level":"info","message":"已有仓位，跳过开仓","positions":1,"timestamp":"2025-04-07T07:50:00.148Z"}
{"level":"info","message":"当前历史数据条数:","timestamp":"2025-04-07T07:51:00.002Z"}
{"availableBalance":"14547.25495857","level":"info","message":"账户信息:","timestamp":"2025-04-07T07:51:00.130Z","totalMarginBalance":"14622.86488082"}
{"level":"info","localDecision":{"action":"short","size":0.019459350143547802,"stopLoss":75367.48198191238,"takeProfit":74813.02702713142},"message":"策略决策","timestamp":"2025-04-07T07:51:00.141Z"}
{"level":"info","message":"已有仓位，跳过开仓","positions":1,"timestamp":"2025-04-07T07:51:00.142Z"}
{"level":"info","message":"当前历史数据条数:","timestamp":"2025-04-07T07:52:00.008Z"}
{"availableBalance":"14547.92224510","level":"info","message":"账户信息:","timestamp":"2025-04-07T07:52:00.135Z","totalMarginBalance":"14623.02728678"}
{"level":"info","localDecision":{"action":"long","size":0.019470578200103325,"stopLoss":75030.60177625998,"takeProfit":75212.09733561003},"message":"策略决策","timestamp":"2025-04-07T07:52:00.145Z"}
{"level":"info","message":"已有仓位，跳过开仓","positions":1,"timestamp":"2025-04-07T07:52:00.145Z"}
{"level":"info","message":"当前历史数据条数:","timestamp":"2025-04-07T07:53:00.005Z"}
{"availableBalance":"14548.59932056","level":"info","message":"账户信息:","timestamp":"2025-04-07T07:53:00.144Z","totalMarginBalance":"14623.67212055"}
{"level":"info","localDecision":{"action":"hold","size":0,"stopLoss":0,"takeProfit":0},"message":"策略决策","timestamp":"2025-04-07T07:53:00.154Z"}
{"level":"info","message":"已有仓位，跳过开仓","positions":1,"timestamp":"2025-04-07T07:53:00.154Z"}
{"level":"info","message":"当前历史数据条数:","timestamp":"2025-04-07T07:54:00.007Z"}
{"availableBalance":"14548.38932055","level":"info","message":"账户信息:","timestamp":"2025-04-07T07:54:00.136Z","totalMarginBalance":"14623.47212055"}
{"level":"info","localDecision":{"action":"hold","size":0,"stopLoss":0,"takeProfit":0},"message":"策略决策","timestamp":"2025-04-07T07:54:00.146Z"}
{"level":"info","message":"已有仓位，跳过开仓","positions":1,"timestamp":"2025-04-07T07:54:00.147Z"}
{"level":"info","message":"当前历史数据条数:","timestamp":"2025-04-07T07:55:00.011Z"}
{"availableBalance":"14549.29773576","level":"info","message":"账户信息:","timestamp":"2025-04-07T07:55:00.281Z","totalMarginBalance":"14624.33727789"}
{"level":"info","localDecision":{"action":"hold","size":0,"stopLoss":0,"takeProfit":0},"message":"策略决策","timestamp":"2025-04-07T07:55:00.287Z"}
{"level":"info","message":"已有仓位，跳过开仓","positions":1,"timestamp":"2025-04-07T07:55:00.287Z"}
{"level":"info","message":"当前历史数据条数:","timestamp":"2025-04-07T07:56:00.008Z"}
{"availableBalance":"14547.20585203","level":"info","message":"账户信息:","timestamp":"2025-04-07T07:56:00.149Z","totalMarginBalance":"14622.34500767"}
{"level":"info","localDecision":{"action":"hold","size":0,"stopLoss":0,"takeProfit":0},"message":"策略决策","timestamp":"2025-04-07T07:56:00.171Z"}
{"level":"info","message":"已有仓位，跳过开仓","positions":1,"timestamp":"2025-04-07T07:56:00.171Z"}
{"level":"info","message":"当前历史数据条数:","timestamp":"2025-04-07T07:57:00.008Z"}
{"availableBalance":"14547.44256123","level":"info","message":"账户信息:","timestamp":"2025-04-07T07:57:00.142Z","totalMarginBalance":"14622.57044500"}
{"level":"info","localDecision":{"action":"hold","size":0,"stopLoss":0,"takeProfit":0},"message":"策略决策","timestamp":"2025-04-07T07:57:00.165Z"}
{"level":"info","message":"已有仓位，跳过开仓","positions":1,"timestamp":"2025-04-07T07:57:00.166Z"}
{"level":"info","message":"当前历史数据条数:","timestamp":"2025-04-07T07:58:00.003Z"}
{"availableBalance":"14545.80632055","level":"info","message":"账户信息:","timestamp":"2025-04-07T07:58:00.134Z","totalMarginBalance":"14621.01212055"}
{"level":"info","localDecision":{"action":"hold","size":0,"stopLoss":0,"takeProfit":0},"message":"策略决策","timestamp":"2025-04-07T07:58:00.139Z"}
{"level":"info","message":"已有仓位，跳过开仓","positions":1,"timestamp":"2025-04-07T07:58:00.139Z"}
{"level":"info","message":"当前历史数据条数:","timestamp":"2025-04-07T07:59:00.005Z"}
{"availableBalance":"14546.85422055","level":"info","message":"账户信息:","timestamp":"2025-04-07T07:59:00.133Z","totalMarginBalance":"14622.01012055"}
{"level":"info","localDecision":{"action":"long","size":0.019455571845390717,"stopLoss":75055.9,"takeProfit":75305.9},"message":"策略决策","timestamp":"2025-04-07T07:59:00.140Z"}
{"level":"info","message":"已有仓位，跳过开仓","positions":1,"timestamp":"2025-04-07T07:59:00.140Z"}
{"level":"info","message":"当前历史数据条数:","timestamp":"2025-04-07T08:00:00.006Z"}
{"availableBalance":"14547.95030389","level":"info","message":"账户信息:","timestamp":"2025-04-07T08:00:00.161Z","totalMarginBalance":"14623.05400944"}
{"level":"info","localDecision":{"action":"hold","size":0,"stopLoss":0,"takeProfit":0},"message":"策略决策","timestamp":"2025-04-07T08:00:00.167Z"}
{"level":"info","message":"已有仓位，跳过开仓","positions":1,"timestamp":"2025-04-07T08:00:00.167Z"}
{"level":"info","message":"当前历史数据条数:","timestamp":"2025-04-07T08:01:00.005Z"}
{"availableBalance":"14547.92816434","level":"info","message":"账户信息:","timestamp":"2025-04-07T08:01:00.135Z","totalMarginBalance":"14623.04007650"}
{"level":"info","localDecision":{"action":"hold","size":0,"stopLoss":0,"takeProfit":0},"message":"策略决策","timestamp":"2025-04-07T08:01:00.141Z"}
{"level":"info","message":"已有仓位，跳过开仓","positions":1,"timestamp":"2025-04-07T08:01:00.142Z"}
{"level":"info","message":"当前历史数据条数:","timestamp":"2025-04-07T08:02:00.001Z"}
{"availableBalance":"14544.92462091","level":"info","message":"账户信息:","timestamp":"2025-04-07T08:02:00.137Z","totalMarginBalance":"14620.17955895"}
{"level":"info","localDecision":{"action":"hold","size":0,"stopLoss":0,"takeProfit":0},"message":"策略决策","timestamp":"2025-04-07T08:02:00.143Z"}
{"level":"info","message":"已有仓位，跳过开仓","positions":1,"timestamp":"2025-04-07T08:02:00.144Z"}
{"level":"info","message":"当前历史数据条数:","timestamp":"2025-04-07T08:03:00.008Z"}
{"availableBalance":"14538.53990458","level":"info","message":"账户信息:","timestamp":"2025-04-07T08:03:00.137Z","totalMarginBalance":"14614.51001469"}
{"level":"info","localDecision":{"action":"hold","size":0,"stopLoss":0,"takeProfit":0},"message":"策略决策","timestamp":"2025-04-07T08:03:00.147Z"}
{"level":"info","message":"已有仓位，跳过开仓","positions":1,"timestamp":"2025-04-07T08:03:00.147Z"}
{"level":"info","message":"当前历史数据条数:","timestamp":"2025-04-07T08:04:00.003Z"}
{"availableBalance":"14536.68783198","level":"info","message":"账户信息:","timestamp":"2025-04-07T08:04:00.130Z","totalMarginBalance":"14612.33499806"}
{"level":"info","localDecision":{"action":"long","size":0.019329431464317696,"stopLoss":72935.3,"takeProfit":79144.3},"message":"策略决策","timestamp":"2025-04-07T08:04:00.136Z"}
{"level":"info","message":"已有仓位，跳过开仓","positions":1,"timestamp":"2025-04-07T08:04:00.136Z"}
{"level":"info","message":"当前历史数据条数:","timestamp":"2025-04-07T08:05:00.006Z"}
{"availableBalance":"14533.52876386","level":"info","message":"账户信息:","timestamp":"2025-04-07T08:05:00.134Z","totalMarginBalance":"14609.48720036"}
{"level":"info","localDecision":{"action":"hold","size":0,"stopLoss":0,"takeProfit":0},"message":"策略决策","timestamp":"2025-04-07T08:05:00.144Z"}
{"level":"info","message":"已有仓位，跳过开仓","positions":1,"timestamp":"2025-04-07T08:05:00.144Z"}
{"level":"info","message":"当前历史数据条数:","timestamp":"2025-04-07T08:06:00.007Z"}
{"availableBalance":"14536.29635866","level":"info","message":"账户信息:","timestamp":"2025-04-07T08:06:00.245Z","totalMarginBalance":"14613.23909626"}
{"level":"info","localDecision":{"action":"long","size":0.019312489141623927,"stopLoss":75406.1105178457,"takeProfit":76059.08422323146},"message":"策略决策","timestamp":"2025-04-07T08:06:00.258Z"}
{"level":"info","message":"已有仓位，跳过开仓","positions":1,"timestamp":"2025-04-07T08:06:00.259Z"}
{"level":"info","message":"当前历史数据条数:","timestamp":"2025-04-07T08:07:00.009Z"}
{"availableBalance":"14538.41311731","level":"info","message":"账户信息:","timestamp":"2025-04-07T08:07:00.272Z","totalMarginBalance":"14613.97812695"}
{"level":"info","localDecision":{"action":"hold","size":0,"stopLoss":0,"takeProfit":0},"message":"策略决策","timestamp":"2025-04-07T08:07:00.280Z"}
{"level":"info","message":"已有仓位，跳过开仓","positions":1,"timestamp":"2025-04-07T08:07:00.281Z"}
{"level":"info","message":"当前历史数据条数:","timestamp":"2025-04-07T08:08:00.002Z"}
{"availableBalance":"14536.42741237","level":"info","message":"账户信息:","timestamp":"2025-04-07T08:08:00.264Z","totalMarginBalance":"14612.08697939"}
{"level":"info","localDecision":{"action":"hold","size":0,"stopLoss":0,"takeProfit":0},"message":"策略决策","timestamp":"2025-04-07T08:08:00.272Z"}
{"level":"info","message":"已有仓位，跳过开仓","positions":1,"timestamp":"2025-04-07T08:08:00.273Z"}
{"level":"info","message":"当前历史数据条数:","timestamp":"2025-04-07T08:09:00.005Z"}
{"availableBalance":"14537.46470708","level":"info","message":"账户信息:","timestamp":"2025-04-07T08:09:00.248Z","totalMarginBalance":"14613.52606481"}
{"level":"info","localDecision":{"action":"hold","size":0,"stopLoss":0,"takeProfit":0},"message":"策略决策","timestamp":"2025-04-07T08:09:00.257Z"}
{"level":"info","message":"已有仓位，跳过开仓","positions":1,"timestamp":"2025-04-07T08:09:00.258Z"}
{"level":"info","message":"当前历史数据条数:","timestamp":"2025-04-07T08:10:00.008Z"}
{"availableBalance":"14538.17331885","level":"info","message":"账户信息:","timestamp":"2025-04-07T08:10:00.137Z","totalMarginBalance":"14613.74974746"}
{"level":"info","localDecision":{"action":"hold","size":0,"stopLoss":0,"takeProfit":0},"message":"策略决策","timestamp":"2025-04-07T08:10:00.151Z"}
{"level":"info","message":"已有仓位，跳过开仓","positions":1,"timestamp":"2025-04-07T08:10:00.151Z"}
{"level":"info","message":"当前历史数据条数:","timestamp":"2025-04-07T08:11:00.006Z"}
{"availableBalance":"14540.29281983","level":"info","message":"账户信息:","timestamp":"2025-04-07T08:11:00.128Z","totalMarginBalance":"14615.76831983"}
{"level":"info","localDecision":{"action":"short","size":0.0193786024802114,"stopLoss":79825.00000000001,"takeProfit":69551.79999999997},"message":"策略决策","timestamp":"2025-04-07T08:11:00.142Z"}
{"level":"info","message":"已有仓位，跳过开仓","positions":1,"timestamp":"2025-04-07T08:11:00.142Z"}
{"level":"info","message":"当前历史数据条数:","timestamp":"2025-04-07T08:12:00.009Z"}
{"level":"error","message":"交易循环错误 ETIMEDOUT","stack":"Error: ETIMEDOUT\n    at Timeout.<anonymous> (C:\\dome\\binance-trading\\node_modules\\request\\request.js:848:19)\n    at listOnTimeout (node:internal/timers:594:17)\n    at process.processTimers (node:internal/timers:529:7)","timestamp":"2025-04-07T08:12:10.018Z"}
{"level":"info","message":"当前历史数据条数:","timestamp":"2025-04-07T08:13:00.003Z"}
{"level":"warn","message":"历史数据不足，跳过本次循环","timestamp":"2025-04-07T11:38:00.009Z"}
{"level":"warn","message":"历史数据不足，跳过本次循环","timestamp":"2025-04-07T11:40:00.026Z"}
{"level":"warn","message":"历史数据不足，跳过本次循环","timestamp":"2025-04-07T11:53:00.013Z"}
{"level":"warn","message":"历史数据不足，跳过本次循环","timestamp":"2025-04-07T11:54:00.024Z"}
{"level":"warn","message":"历史数据不足，跳过本次循环","timestamp":"2025-04-07T11:55:00.008Z"}
{"level":"warn","message":"历史数据不足，跳过本次循环","timestamp":"2025-04-07T11:56:00.010Z"}
{"level":"warn","message":"历史数据不足，跳过本次循环","timestamp":"2025-04-07T11:57:00.015Z"}
{"level":"warn","message":"历史数据不足，跳过本次循环","timestamp":"2025-04-07T11:58:00.015Z"}
{"level":"warn","message":"历史数据不足，跳过本次循环","timestamp":"2025-04-07T11:59:00.010Z"}
{"level":"warn","message":"历史数据不足，跳过本次循环","timestamp":"2025-04-07T12:00:00.012Z"}
{"level":"warn","message":"历史数据不足，跳过本次循环","timestamp":"2025-04-07T12:01:00.006Z"}
{"level":"warn","message":"历史数据不足，跳过本次循环","timestamp":"2025-04-07T12:02:00.006Z"}
{"level":"warn","message":"历史数据不足，跳过本次循环","timestamp":"2025-04-07T12:03:00.006Z"}
{"level":"warn","message":"历史数据不足，跳过本次循环","timestamp":"2025-04-07T12:06:00.015Z"}
{"level":"warn","message":"历史数据不足，跳过本次循环","timestamp":"2025-04-07T12:07:00.017Z"}
{"level":"warn","message":"历史数据不足，跳过本次循环","timestamp":"2025-04-07T12:23:00.021Z"}
{"level":"info","message":"条件未满足，保持现状","timestamp":"2025-04-07T12:24:02.716Z"}
{"level":"info","message":"条件未满足，保持现状","timestamp":"2025-04-07T12:25:03.733Z"}
{"level":"warn","message":"历史数据不足，跳过本次循环","timestamp":"2025-04-07T14:38:00.024Z"}
{"level":"warn","message":"历史数据不足，跳过本次循环","timestamp":"2025-04-07T14:39:00.006Z"}
{"level":"warn","message":"历史数据不足，跳过本次循环","timestamp":"2025-04-07T14:40:00.004Z"}
{"level":"warn","message":"历史数据不足，跳过本次循环","timestamp":"2025-04-07T14:41:00.022Z"}
{"level":"warn","message":"历史数据不足，跳过本次循环","timestamp":"2025-04-07T14:42:00.019Z"}
{"level":"warn","message":"历史数据不足，跳过本次循环","timestamp":"2025-04-07T14:43:00.007Z"}
{"level":"warn","message":"历史数据不足，跳过本次循环","timestamp":"2025-04-07T14:44:00.005Z"}
{"level":"warn","message":"历史数据不足，跳过本次循环","timestamp":"2025-04-07T14:45:00.007Z"}
{"level":"warn","message":"历史数据不足，跳过本次循环","timestamp":"2025-04-07T14:46:00.003Z"}
{"level":"warn","message":"历史数据不足，跳过本次循环","timestamp":"2025-04-07T14:47:00.015Z"}
{"level":"warn","message":"历史数据不足，跳过本次循环","timestamp":"2025-04-07T14:48:00.009Z"}
{"level":"warn","message":"历史数据不足，跳过本次循环","timestamp":"2025-04-07T14:49:00.016Z"}
{"level":"warn","message":"历史数据不足，跳过本次循环","timestamp":"2025-04-07T14:50:00.005Z"}
{"level":"warn","message":"历史数据不足，跳过本次循环","timestamp":"2025-04-07T14:51:00.005Z"}
{"level":"warn","message":"历史数据不足，跳过本次循环","timestamp":"2025-04-07T15:05:00.012Z"}
{"level":"info","message":"条件未满足，保持现状","timestamp":"2025-04-07T15:06:01.821Z"}
{"level":"warn","message":"历史数据不足，跳过本次循环","timestamp":"2025-04-08T18:56:00.009Z"}
{"level":"warn","message":"历史数据不足，跳过本次循环","timestamp":"2025-04-08T19:02:00.035Z"}
{"level":"info","message":"条件未满足，保持现状","timestamp":"2025-04-08T19:03:00.388Z"}
{"level":"warn","message":"历史数据不足，跳过本次循环","timestamp":"2025-04-08T19:15:00.019Z"}
{"level":"warn","message":"历史数据不足，跳过本次循环","timestamp":"2025-04-08T19:16:00.033Z"}
{"level":"error","message":"交易循环发生错误 Cannot read properties of null (reading 'positions')","stack":"TypeError: Cannot read properties of null (reading 'positions')\n    at Job.job (C:\\dome\\binance-trading\\main.js:136:36)\n    at process.processTicksAndRejections (node:internal/process/task_queues:105:5)","timestamp":"2025-04-08T19:17:01.076Z"}
{"level":"info","message":"条件未满足，保持现状","timestamp":"2025-04-08T19:18:00.326Z"}
{"level":"info","message":"条件未满足，保持现状","timestamp":"2025-04-08T19:19:00.996Z"}
{"level":"info","message":"条件未满足，保持现状","timestamp":"2025-04-08T19:20:00.873Z"}
{"level":"info","message":"条件未满足，保持现状","timestamp":"2025-04-08T19:21:01.196Z"}
{"level":"info","message":"条件未满足，保持现状","timestamp":"2025-04-08T19:22:00.347Z"}
{"level":"info","message":"条件未满足，保持现状","timestamp":"2025-04-08T19:23:00.882Z"}
{"level":"info","message":"条件未满足，保持现状","timestamp":"2025-04-08T19:24:00.392Z"}
{"level":"warn","message":"历史数据不足，跳过本次循环","timestamp":"2025-04-08T19:27:00.008Z"}
{"level":"info","message":"条件未满足，保持现状","timestamp":"2025-04-08T19:28:00.926Z"}
{"level":"warn","message":"历史数据不足，跳过本次循环","timestamp":"2025-04-08T19:30:00.023Z"}
{"level":"info","message":"条件未满足，保持现状","timestamp":"2025-04-08T19:31:01.086Z"}
{"level":"info","message":"条件未满足，保持现状","timestamp":"2025-04-08T19:32:01.355Z"}
{"level":"info","message":"条件未满足，保持现状","timestamp":"2025-04-08T19:33:00.979Z"}
{"level":"info","message":"条件未满足，保持现状","timestamp":"2025-04-08T19:34:00.974Z"}
{"level":"info","message":"条件未满足，保持现状","timestamp":"2025-04-08T19:35:01.067Z"}
{"level":"info","message":"条件未满足，保持现状","timestamp":"2025-04-08T19:36:01.068Z"}
{"level":"info","message":"条件未满足，保持现状","timestamp":"2025-04-08T19:37:01.068Z"}
{"level":"info","message":"条件未满足，保持现状","timestamp":"2025-04-08T19:38:01.373Z"}
{"level":"info","message":"条件未满足，保持现状","timestamp":"2025-04-08T19:39:01.020Z"}
{"level":"warn","message":"历史数据不足，跳过本次循环","timestamp":"2025-04-08T19:42:00.035Z"}
{"level":"error","message":"交易循环发生错误 Cannot read properties of null (reading 'positions')","stack":"TypeError: Cannot read properties of null (reading 'positions')\n    at Job.job (C:\\dome\\binance-trading\\main.js:136:36)\n    at process.processTicksAndRejections (node:internal/process/task_queues:105:5)","timestamp":"2025-04-08T19:43:00.938Z"}
{"level":"error","message":"交易循环发生错误 Cannot read properties of null (reading 'positions')","stack":"TypeError: Cannot read properties of null (reading 'positions')\n    at Job.job (C:\\dome\\binance-trading\\main.js:136:36)\n    at process.processTicksAndRejections (node:internal/process/task_queues:105:5)","timestamp":"2025-04-08T19:44:00.980Z"}
{"level":"warn","message":"历史数据不足，跳过本次循环","timestamp":"2025-04-08T19:46:00.021Z"}
